     1                                 %line 1+1 quiz1.asm
     2                                 
     3                                 
     4                                 
     5                                 
     6                                 
     7                                 
     8                                 
     9                                 
    10                                 
    11                                 
    12                                 
    13                                 [section .data]
    14                                 SYS_exit equ 60
    15                                 EXIT_SUCCESS equ 0
    16 00000000 3075                   num1 dw 30000
    17 00000002 204E                   num2 dw 20000
    18 00000004 FBF2                   num3 dw -3333
    19 00000006 00000000               sum dd 0
    20 0000000A 0000                   quo dw 0
    21 0000000C 0000                   rmd dw 0
    22                                 
    23                                 [section .text]
    24                                 [global _start]
    25                                 _start:
    26 00000000 668B0425[00000000]      mov ax, word[num1]
    27 00000008 66030425[00000000]      add ax, word[num2]
    28 00000010 6683D200                adc dx, 0
    29                                 
    30 00000014 66890425[00000000]      mov [sum], ax
    31 0000001C 66891425[02000000]      mov [sum+2], dx
    32                                 
    33 00000024 668B0425[00000000]      mov ax, [sum]
    34 0000002C 668B1425[02000000]      mov dx, [sum+2]
    35 00000034 668B1C25[00000000]      mov bx, word[num3]
    36 0000003C 66F7FB                  idiv bx
    37                                 
    38 0000003F 66890425[00000000]      mov word[quo], ax
    39 00000047 66891425[00000000]      mov word[rmd], dx
    40                                 
    41 0000004F 48C7C03C000000          mov rax, SYS_exit
    42 00000056 48C7C700000000          mov rdi, EXIT_SUCCESS
    43 0000005D 0F05                    syscall
