     1                                 %line 1+1 addition.asm
     2                                 
     3                                 
     4                                 
     5                                 
     6                                 
     7                                 
     8                                 [section .data]
     9                                 SYS_exit equ 60
    10                                 EXIT_SUCCESS equ 0
    11 00000000 DCFE                   num1 dw 0xFEDC
    12 00000002 3412                   num2 dw 0x1234
    13 00000004 00000000               sum dd 0
    14                                 
    15                                 [section .text]
    16                                 [global _start]
    17                                 _start:
    18 00000000 668B0425[00000000]      mov ax, word[num1]
    19 00000008 66030425[00000000]      add ax, word[num2]
    20 00000010 6683D200                adc dx, 0
    21                                 
    22 00000014 66890425[00000000]      mov [sum], ax
    23 0000001C 66891425[02000000]      mov [sum+2], dx
    24                                 
    25 00000024 48C7C03C000000          mov rax, SYS_exit
    26 0000002B 48C7C700000000          mov rdi, EXIT_SUCCESS
    27 00000032 0F05                    syscall
