     1                                 %line 1+1 division.asm
     2                                 
     3                                 
     4                                 
     5                                 
     6                                 
     7                                 
     8                                 
     9                                 [section .data]
    10                                 SYS_exit equ 60
    11                                 EXIT_SUCCESS equ 0
    12 00000000 00743BA40B000000       num1 dq 50000000000
    13 00000008 D5DC3200               num2 dd 3333333
    14 0000000C 00000000               quotient dd 0
    15 00000010 00000000               remainder dd 0
    16                                 
    17                                 [section .text]
    18                                 [global _start]
    19                                 _start:
    20 00000000 8B0425[00000000]        mov eax, dword[num1]
    21 00000007 8B1425[04000000]        mov edx, dword[num1+4]
    22 0000000E 8B1C25[00000000]        mov ebx, dword[num2]
    23 00000015 F7F3                    div ebx
    24                                 
    25 00000017 890425[00000000]        mov [quotient], eax
    26 0000001E 891425[00000000]        mov [remainder], edx
    27                                 
    28 00000025 48C7C03C000000          mov rax, SYS_exit
    29 0000002C 48C7C700000000          mov rdi, EXIT_SUCCESS
    30 00000033 0F05                    syscall
