     1                                 %line 1+1 multiplication.asm
     2                                 
     3                                 
     4                                 
     5                                 
     6                                 
     7                                 
     8                                 [section .data]
     9                                 SYS_exit equ 60
    10                                 EXIT_SUCCESS equ 0
    11 00000000 E0930400               num1 dd 300000
    12 00000004 801A0600               num2 dd 400000
    13 00000008 0000000000000000       product dq 0
    14                                 
    15                                 [section .text]
    16                                 [global _start]
    17                                 _start:
    18 00000000 8B0425[00000000]        mov eax, dword[num1]
    19 00000007 8B1C25[00000000]        mov ebx, dword[num2]
    20 0000000E F7E3                    mul ebx
    21                                 
    22 00000010 890425[00000000]        mov [product], eax
    23 00000017 891425[04000000]        mov [product+4], edx
    24                                 
    25 0000001E 48C7C03C000000          mov rax, SYS_exit
    26 00000025 48C7C700000000          mov rdi, EXIT_SUCCESS
    27 0000002C 0F05                    syscall
